example/android/app/build/intermediates/manifest_merge_blame_file/debug/manifest-merger-blame-debug-report.txt
1<?xml version="1.0" encoding="utf-8"?>
2<manifest xmlns:android="http://schemas.android.com/apk/res/android"
3    package="wao.chat.plugin.leovu.chat_example"
4    android:versionCode="1"
5    android:versionName="1.0.0" >
6
7    <uses-sdk
8        android:minSdkVersion="24"
9        android:targetSdkVersion="35" />
10    <!--
11         Flutter needs it to communicate with the running application
12         to allow setting breakpoints, to provide hot reload, etc.
13    -->
14    <uses-permission android:name="android.permission.INTERNET" />
14-->src\main\AndroidManifest.xml:2:5-67
14-->src\main\AndroidManifest.xml:2:22-64
15
16    <queries>
16-->[:file_picker] AndroidManifest.xml:7:5-13:15
17        <intent>
17-->[:file_picker] AndroidManifest.xml:8:9-12:18
18            <action android:name="android.intent.action.GET_CONTENT" />
18-->[:file_picker] AndroidManifest.xml:9:13-72
18-->[:file_picker] AndroidManifest.xml:9:21-69
19
20            <data android:mimeType="*/*" />
20-->[:file_picker] AndroidManifest.xml:11:13-44
20-->[:file_picker] AndroidManifest.xml:11:19-41
21        </intent>
22    </queries>
23
24    <uses-permission
24-->[:open_filex] AndroidManifest.xml:8:5-10:38
25        android:name="android.permission.READ_EXTERNAL_STORAGE"
25-->[:open_filex] AndroidManifest.xml:9:9-64
26        android:maxSdkVersion="32" />
26-->[:open_filex] AndroidManifest.xml:10:9-35
27    <uses-permission android:name="android.permission.READ_MEDIA_IMAGES" />
27-->[:open_filex] AndroidManifest.xml:11:5-76
27-->[:open_filex] AndroidManifest.xml:11:22-73
28    <uses-permission android:name="android.permission.READ_MEDIA_VIDEO" />
28-->[:open_filex] AndroidManifest.xml:12:5-75
28-->[:open_filex] AndroidManifest.xml:12:22-72
29    <uses-permission android:name="android.permission.READ_MEDIA_AUDIO" />
29-->[:open_filex] AndroidManifest.xml:13:5-75
29-->[:open_filex] AndroidManifest.xml:13:22-72
30
31    <permission
31-->[androidx.core:core:1.13.1] AndroidManifest.xml:22:5-24:47
32        android:name="wao.chat.plugin.leovu.chat_example.DYNAMIC_RECEIVER_NOT_EXPORTED_PERMISSION"
32-->[androidx.core:core:1.13.1] AndroidManifest.xml:23:9-81
33        android:protectionLevel="signature" />
33-->[androidx.core:core:1.13.1] AndroidManifest.xml:24:9-44
34
35    <uses-permission android:name="wao.chat.plugin.leovu.chat_example.DYNAMIC_RECEIVER_NOT_EXPORTED_PERMISSION" />
35-->[androidx.core:core:1.13.1] AndroidManifest.xml:26:5-97
35-->[androidx.core:core:1.13.1] AndroidManifest.xml:26:22-94
36
37    <application
37-->src\main\AndroidManifest.xml:4:4-36:19
38        android:appComponentFactory="androidx.core.app.CoreComponentFactory"
38-->[androidx.core:core:1.13.1] AndroidManifest.xml:28:18-86
39        android:debuggable="true"
40        android:extractNativeLibs="false"
41        android:icon="@mipmap/ic_launcher"
41-->src\main\AndroidManifest.xml:9:9-43
42        android:label="chat_example"
42-->src\main\AndroidManifest.xml:5:9-37
43        android:networkSecurityConfig="@xml/network_security_config"
43-->src\main\AndroidManifest.xml:8:9-69
44        android:requestLegacyExternalStorage="true"
44-->src\main\AndroidManifest.xml:7:9-52
45        android:usesCleartextTraffic="true" >
45-->src\main\AndroidManifest.xml:6:9-44
46        <activity
46-->src\main\AndroidManifest.xml:10:9-30:20
47            android:name="wao.chat.plugin.leovu.chat_example.MainActivity"
47-->src\main\AndroidManifest.xml:11:13-41
48            android:configChanges="orientation|keyboardHidden|keyboard|screenSize|smallestScreenSize|locale|layoutDirection|fontScale|screenLayout|density|uiMode"
48-->src\main\AndroidManifest.xml:15:13-163
49            android:exported="true"
49-->src\main\AndroidManifest.xml:12:13-36
50            android:hardwareAccelerated="true"
50-->src\main\AndroidManifest.xml:16:13-47
51            android:launchMode="singleTop"
51-->src\main\AndroidManifest.xml:13:13-43
52            android:theme="@style/LaunchTheme"
52-->src\main\AndroidManifest.xml:14:13-47
53            android:windowSoftInputMode="adjustResize" >
53-->src\main\AndroidManifest.xml:17:13-55
54
55            <!--
56                 Specifies an Android theme to apply to this Activity as soon as
57                 the Android process has started. This theme is visible to the user
58                 while the Flutter UI initializes. After that, this theme continues
59                 to determine the Window background behind the Flutter UI.
60            -->
61            <meta-data
61-->src\main\AndroidManifest.xml:22:13-25:17
62                android:name="io.flutter.embedding.android.NormalTheme"
62-->src\main\AndroidManifest.xml:23:15-70
63                android:resource="@style/NormalTheme" />
63-->src\main\AndroidManifest.xml:24:15-52
64
65            <intent-filter>
65-->src\main\AndroidManifest.xml:26:13-29:29
66                <action android:name="android.intent.action.MAIN" />
66-->src\main\AndroidManifest.xml:27:17-68
66-->src\main\AndroidManifest.xml:27:25-66
67
68                <category android:name="android.intent.category.LAUNCHER" />
68-->src\main\AndroidManifest.xml:28:17-76
68-->src\main\AndroidManifest.xml:28:27-74
69            </intent-filter>
70        </activity>
71        <!--
72             Don't delete the meta-data below.
73             This is used by the Flutter tool to generate GeneratedPluginRegistrant.java
74        -->
75        <meta-data
75-->src\main\AndroidManifest.xml:33:9-35:33
76            android:name="flutterEmbedding"
76-->src\main\AndroidManifest.xml:34:13-44
77            android:value="2" />
77-->src\main\AndroidManifest.xml:35:13-30
78
79        <provider
79-->[:image_picker_android] AndroidManifest.xml:9:9-17:20
80            android:name="io.flutter.plugins.imagepicker.ImagePickerFileProvider"
80-->[:image_picker_android] AndroidManifest.xml:10:13-82
81            android:authorities="wao.chat.plugin.leovu.chat_example.flutter.image_provider"
81-->[:image_picker_android] AndroidManifest.xml:11:13-74
82            android:exported="false"
82-->[:image_picker_android] AndroidManifest.xml:12:13-37
83            android:grantUriPermissions="true" >
83-->[:image_picker_android] AndroidManifest.xml:13:13-47
84            <meta-data
84-->[:image_picker_android] AndroidManifest.xml:14:13-16:75
85                android:name="android.support.FILE_PROVIDER_PATHS"
85-->[:image_picker_android] AndroidManifest.xml:15:17-67
86                android:resource="@xml/flutter_image_picker_file_paths" />
86-->[:image_picker_android] AndroidManifest.xml:16:17-72
87        </provider> <!-- Trigger Google Play services to install the backported photo picker module. -->
88        <service
88-->[:image_picker_android] AndroidManifest.xml:19:9-31:19
89            android:name="com.google.android.gms.metadata.ModuleDependencies"
89-->[:image_picker_android] AndroidManifest.xml:20:13-78
90            android:enabled="false"
90-->[:image_picker_android] AndroidManifest.xml:21:13-36
91            android:exported="false" >
91-->[:image_picker_android] AndroidManifest.xml:22:13-37
92            <intent-filter>
92-->[:image_picker_android] AndroidManifest.xml:24:13-26:29
93                <action android:name="com.google.android.gms.metadata.MODULE_DEPENDENCIES" />
93-->[:image_picker_android] AndroidManifest.xml:25:17-94
93-->[:image_picker_android] AndroidManifest.xml:25:25-91
94            </intent-filter>
95
96            <meta-data
96-->[:image_picker_android] AndroidManifest.xml:28:13-30:36
97                android:name="photopicker_activity:0:required"
97-->[:image_picker_android] AndroidManifest.xml:29:17-63
98                android:value="" />
98-->[:image_picker_android] AndroidManifest.xml:30:17-33
99        </service>
100
101        <activity
101-->[:url_launcher_android] AndroidManifest.xml:8:9-11:74
102            android:name="io.flutter.plugins.urllauncher.WebViewActivity"
102-->[:url_launcher_android] AndroidManifest.xml:9:13-74
103            android:exported="false"
103-->[:url_launcher_android] AndroidManifest.xml:10:13-37
104            android:theme="@android:style/Theme.NoTitleBar.Fullscreen" />
104-->[:url_launcher_android] AndroidManifest.xml:11:13-71
105
106        <provider
106-->[:open_filex] AndroidManifest.xml:16:9-25:20
107            android:name="com.crazecoder.openfile.FileProvider"
107-->[:open_filex] AndroidManifest.xml:17:13-64
108            android:authorities="wao.chat.plugin.leovu.chat_example.fileProvider.com.crazecoder.openfile"
108-->[:open_filex] AndroidManifest.xml:18:13-88
109            android:exported="false"
109-->[:open_filex] AndroidManifest.xml:19:13-37
110            android:grantUriPermissions="true" >
110-->[:open_filex] AndroidManifest.xml:20:13-47
111            <meta-data
111-->[:image_picker_android] AndroidManifest.xml:14:13-16:75
112                android:name="android.support.FILE_PROVIDER_PATHS"
112-->[:image_picker_android] AndroidManifest.xml:15:17-67
113                android:resource="@xml/filepaths" />
113-->[:image_picker_android] AndroidManifest.xml:16:17-72
114        </provider>
115
116        <uses-library
116-->[androidx.window:window:1.2.0] AndroidManifest.xml:23:9-25:40
117            android:name="androidx.window.extensions"
117-->[androidx.window:window:1.2.0] AndroidManifest.xml:24:13-54
118            android:required="false" />
118-->[androidx.window:window:1.2.0] AndroidManifest.xml:25:13-37
119        <uses-library
119-->[androidx.window:window:1.2.0] AndroidManifest.xml:26:9-28:40
120            android:name="androidx.window.sidecar"
120-->[androidx.window:window:1.2.0] AndroidManifest.xml:27:13-51
121            android:required="false" />
121-->[androidx.window:window:1.2.0] AndroidManifest.xml:28:13-37
122
123        <provider
123-->[androidx.emoji2:emoji2:1.2.0] AndroidManifest.xml:24:9-32:20
124            android:name="androidx.startup.InitializationProvider"
124-->[androidx.emoji2:emoji2:1.2.0] AndroidManifest.xml:25:13-67
125            android:authorities="wao.chat.plugin.leovu.chat_example.androidx-startup"
125-->[androidx.emoji2:emoji2:1.2.0] AndroidManifest.xml:26:13-68
126            android:exported="false" >
126-->[androidx.emoji2:emoji2:1.2.0] AndroidManifest.xml:27:13-37
127            <meta-data
127-->[androidx.emoji2:emoji2:1.2.0] AndroidManifest.xml:29:13-31:52
128                android:name="androidx.emoji2.text.EmojiCompatInitializer"
128-->[androidx.emoji2:emoji2:1.2.0] AndroidManifest.xml:30:17-75
129                android:value="androidx.startup" />
129-->[androidx.emoji2:emoji2:1.2.0] AndroidManifest.xml:31:17-49
130            <meta-data
130-->[androidx.lifecycle:lifecycle-process:2.7.0] AndroidManifest.xml:29:13-31:52
131                android:name="androidx.lifecycle.ProcessLifecycleInitializer"
131-->[androidx.lifecycle:lifecycle-process:2.7.0] AndroidManifest.xml:30:17-78
132                android:value="androidx.startup" />
132-->[androidx.lifecycle:lifecycle-process:2.7.0] AndroidManifest.xml:31:17-49
133            <meta-data
133-->[androidx.profileinstaller:profileinstaller:1.3.1] AndroidManifest.xml:29:13-31:52
134                android:name="androidx.profileinstaller.ProfileInstallerInitializer"
134-->[androidx.profileinstaller:profileinstaller:1.3.1] AndroidManifest.xml:30:17-85
135                android:value="androidx.startup" />
135-->[androidx.profileinstaller:profileinstaller:1.3.1] AndroidManifest.xml:31:17-49
136        </provider>
137
138        <receiver
138-->[androidx.profileinstaller:profileinstaller:1.3.1] AndroidManifest.xml:34:9-52:20
139            android:name="androidx.profileinstaller.ProfileInstallReceiver"
139-->[androidx.profileinstaller:profileinstaller:1.3.1] AndroidManifest.xml:35:13-76
140            android:directBootAware="false"
140-->[androidx.profileinstaller:profileinstaller:1.3.1] AndroidManifest.xml:36:13-44
141            android:enabled="true"
141-->[androidx.profileinstaller:profileinstaller:1.3.1] AndroidManifest.xml:37:13-35
142            android:exported="true"
142-->[androidx.profileinstaller:profileinstaller:1.3.1] AndroidManifest.xml:38:13-36
143            android:permission="android.permission.DUMP" >
143-->[androidx.profileinstaller:profileinstaller:1.3.1] AndroidManifest.xml:39:13-57
144            <intent-filter>
144-->[androidx.profileinstaller:profileinstaller:1.3.1] AndroidManifest.xml:40:13-42:29
145                <action android:name="androidx.profileinstaller.action.INSTALL_PROFILE" />
145-->[androidx.profileinstaller:profileinstaller:1.3.1] AndroidManifest.xml:41:17-91
145-->[androidx.profileinstaller:profileinstaller:1.3.1] AndroidManifest.xml:41:25-88
146            </intent-filter>
147            <intent-filter>
147-->[androidx.profileinstaller:profileinstaller:1.3.1] AndroidManifest.xml:43:13-45:29
148                <action android:name="androidx.profileinstaller.action.SKIP_FILE" />
148-->[androidx.profileinstaller:profileinstaller:1.3.1] AndroidManifest.xml:44:17-85
148-->[androidx.profileinstaller:profileinstaller:1.3.1] AndroidManifest.xml:44:25-82
149            </intent-filter>
150            <intent-filter>
150-->[androidx.profileinstaller:profileinstaller:1.3.1] AndroidManifest.xml:46:13-48:29
151                <action android:name="androidx.profileinstaller.action.SAVE_PROFILE" />
151-->[androidx.profileinstaller:profileinstaller:1.3.1] AndroidManifest.xml:47:17-88
151-->[androidx.profileinstaller:profileinstaller:1.3.1] AndroidManifest.xml:47:25-85
152            </intent-filter>
153            <intent-filter>
153-->[androidx.profileinstaller:profileinstaller:1.3.1] AndroidManifest.xml:49:13-51:29
154                <action android:name="androidx.profileinstaller.action.BENCHMARK_OPERATION" />
154-->[androidx.profileinstaller:profileinstaller:1.3.1] AndroidManifest.xml:50:17-95
154-->[androidx.profileinstaller:profileinstaller:1.3.1] AndroidManifest.xml:50:25-92
155            </intent-filter>
156        </receiver>
157    </application>
158
159</manifest>